Determining if the pthread_create exist failed with the following output:
Change Dir: /home/zdf/Documents/GITHUB/EX_SLAM_Practice/7/3d_2d/build/CMakeFiles/CMakeTmp

Run Build Command:"/usr/bin/make" "cmTC_c0975/fast"
/usr/bin/make -f CMakeFiles/cmTC_c0975.dir/build.make CMakeFiles/cmTC_c0975.dir/build
make[1]: Entering directory '/home/zdf/Documents/GITHUB/EX_SLAM_Practice/7/3d_2d/build/CMakeFiles/CMakeTmp'
Building C object CMakeFiles/cmTC_c0975.dir/CheckSymbolExists.c.o
/usr/bin/cc    -o CMakeFiles/cmTC_c0975.dir/CheckSymbolExists.c.o   -c /home/zdf/Documents/GITHUB/EX_SLAM_Practice/7/3d_2d/build/CMakeFiles/CMakeTmp/CheckSymbolExists.c
Linking C executable cmTC_c0975
/usr/bin/cmake -E cmake_link_script CMakeFiles/cmTC_c0975.dir/link.txt --verbose=1
/usr/bin/cc      -rdynamic CMakeFiles/cmTC_c0975.dir/CheckSymbolExists.c.o  -o cmTC_c0975 
CMakeFiles/cmTC_c0975.dir/CheckSymbolExists.c.o: In function `main':
CheckSymbolExists.c:(.text+0x1b): undefined reference to `pthread_create'
collect2: error: ld returned 1 exit status
CMakeFiles/cmTC_c0975.dir/build.make:97: recipe for target 'cmTC_c0975' failed
make[1]: *** [cmTC_c0975] Error 1
make[1]: Leaving directory '/home/zdf/Documents/GITHUB/EX_SLAM_Practice/7/3d_2d/build/CMakeFiles/CMakeTmp'
Makefile:126: recipe for target 'cmTC_c0975/fast' failed
make: *** [cmTC_c0975/fast] Error 2

File /home/zdf/Documents/GITHUB/EX_SLAM_Practice/7/3d_2d/build/CMakeFiles/CMakeTmp/CheckSymbolExists.c:
/* */
#include <pthread.h>

int main(int argc, char** argv)
{
  (void)argv;
#ifndef pthread_create
  return ((int*)(&pthread_create))[argc];
#else
  (void)argc;
  return 0;
#endif
}

Determining if the function pthread_create exists in the pthreads failed with the following output:
Change Dir: /home/zdf/Documents/GITHUB/EX_SLAM_Practice/7/3d_2d/build/CMakeFiles/CMakeTmp

Run Build Command:"/usr/bin/make" "cmTC_801c4/fast"
/usr/bin/make -f CMakeFiles/cmTC_801c4.dir/build.make CMakeFiles/cmTC_801c4.dir/build
make[1]: Entering directory '/home/zdf/Documents/GITHUB/EX_SLAM_Practice/7/3d_2d/build/CMakeFiles/CMakeTmp'
Building C object CMakeFiles/cmTC_801c4.dir/CheckFunctionExists.c.o
/usr/bin/cc   -DCHECK_FUNCTION_EXISTS=pthread_create   -o CMakeFiles/cmTC_801c4.dir/CheckFunctionExists.c.o   -c /usr/share/cmake-3.10/Modules/CheckFunctionExists.c
Linking C executable cmTC_801c4
/usr/bin/cmake -E cmake_link_script CMakeFiles/cmTC_801c4.dir/link.txt --verbose=1
/usr/bin/cc  -DCHECK_FUNCTION_EXISTS=pthread_create    -rdynamic CMakeFiles/cmTC_801c4.dir/CheckFunctionExists.c.o  -o cmTC_801c4 -lpthreads 
/usr/bin/ld: cannot find -lpthreads
collect2: error: ld returned 1 exit status
CMakeFiles/cmTC_801c4.dir/build.make:97: recipe for target 'cmTC_801c4' failed
make[1]: *** [cmTC_801c4] Error 1
make[1]: Leaving directory '/home/zdf/Documents/GITHUB/EX_SLAM_Practice/7/3d_2d/build/CMakeFiles/CMakeTmp'
Makefile:126: recipe for target 'cmTC_801c4/fast' failed
make: *** [cmTC_801c4/fast] Error 2


